<?xml version="1.0" encoding="UTF-8"?>
<testsuite xmlns:xsi="http://www.w3.org/2001/XMLSchema-instance" xsi:noNamespaceSchemaLocation="https://maven.apache.org/surefire/maven-surefire-plugin/xsd/surefire-test-report.xsd" name="cn.yuyueq.social.SocialRecommendApplicationTests" time="4.831" tests="1" errors="0" skipped="0" failures="0">
  <properties>
    <property name="sun.desktop" value="windows"/>
    <property name="awt.toolkit" value="sun.awt.windows.WToolkit"/>
    <property name="file.encoding.pkg" value="sun.io"/>
    <property name="java.specification.version" value="1.8"/>
    <property name="sun.cpu.isalist" value="amd64"/>
    <property name="sun.jnu.encoding" value="GBK"/>
    <property name="java.class.path" value="D:\IDEA2021\IdeaProject\Neo4jSocialSystem-\target\test-classes;D:\IDEA2021\IdeaProject\Neo4jSocialSystem-\target\classes;D:\yuyueq\developmenttool\apache-maven-3.8.0\Repository\org\springframework\boot\spring-boot-starter-data-neo4j\2.4.1\spring-boot-starter-data-neo4j-2.4.1.jar;D:\yuyueq\developmenttool\apache-maven-3.8.0\Repository\org\springframework\boot\spring-boot-starter\2.4.1\spring-boot-starter-2.4.1.jar;D:\yuyueq\developmenttool\apache-maven-3.8.0\Repository\org\springframework\boot\spring-boot\2.4.1\spring-boot-2.4.1.jar;D:\yuyueq\developmenttool\apache-maven-3.8.0\Repository\org\springframework\boot\spring-boot-autoconfigure\2.4.1\spring-boot-autoconfigure-2.4.1.jar;D:\yuyueq\developmenttool\apache-maven-3.8.0\Repository\org\springframework\boot\spring-boot-starter-logging\2.4.1\spring-boot-starter-logging-2.4.1.jar;D:\yuyueq\developmenttool\apache-maven-3.8.0\Repository\ch\qos\logback\logback-classic\1.2.3\logback-classic-1.2.3.jar;D:\yuyueq\developmenttool\apache-maven-3.8.0\Repository\ch\qos\logback\logback-core\1.2.3\logback-core-1.2.3.jar;D:\yuyueq\developmenttool\apache-maven-3.8.0\Repository\org\apache\logging\log4j\log4j-to-slf4j\2.13.3\log4j-to-slf4j-2.13.3.jar;D:\yuyueq\developmenttool\apache-maven-3.8.0\Repository\org\apache\logging\log4j\log4j-api\2.13.3\log4j-api-2.13.3.jar;D:\yuyueq\developmenttool\apache-maven-3.8.0\Repository\org\slf4j\jul-to-slf4j\1.7.30\jul-to-slf4j-1.7.30.jar;D:\yuyueq\developmenttool\apache-maven-3.8.0\Repository\jakarta\annotation\jakarta.annotation-api\1.3.5\jakarta.annotation-api-1.3.5.jar;D:\yuyueq\developmenttool\apache-maven-3.8.0\Repository\org\yaml\snakeyaml\1.27\snakeyaml-1.27.jar;D:\yuyueq\developmenttool\apache-maven-3.8.0\Repository\org\springframework\boot\spring-boot-starter-thymeleaf\2.4.1\spring-boot-starter-thymeleaf-2.4.1.jar;D:\yuyueq\developmenttool\apache-maven-3.8.0\Repository\org\thymeleaf\thymeleaf-spring5\3.0.11.RELEASE\thymeleaf-spring5-3.0.11.RELEASE.jar;D:\yuyueq\developmenttool\apache-maven-3.8.0\Repository\org\thymeleaf\thymeleaf\3.0.11.RELEASE\thymeleaf-3.0.11.RELEASE.jar;D:\yuyueq\developmenttool\apache-maven-3.8.0\Repository\org\attoparser\attoparser\2.0.5.RELEASE\attoparser-2.0.5.RELEASE.jar;D:\yuyueq\developmenttool\apache-maven-3.8.0\Repository\org\unbescape\unbescape\1.1.6.RELEASE\unbescape-1.1.6.RELEASE.jar;D:\yuyueq\developmenttool\apache-maven-3.8.0\Repository\org\thymeleaf\extras\thymeleaf-extras-java8time\3.0.4.RELEASE\thymeleaf-extras-java8time-3.0.4.RELEASE.jar;D:\yuyueq\developmenttool\apache-maven-3.8.0\Repository\org\springframework\boot\spring-boot-starter-web\2.4.1\spring-boot-starter-web-2.4.1.jar;D:\yuyueq\developmenttool\apache-maven-3.8.0\Repository\org\springframework\boot\spring-boot-starter-json\2.4.1\spring-boot-starter-json-2.4.1.jar;D:\yuyueq\developmenttool\apache-maven-3.8.0\Repository\com\fasterxml\jackson\datatype\jackson-datatype-jdk8\2.11.3\jackson-datatype-jdk8-2.11.3.jar;D:\yuyueq\developmenttool\apache-maven-3.8.0\Repository\com\fasterxml\jackson\datatype\jackson-datatype-jsr310\2.11.3\jackson-datatype-jsr310-2.11.3.jar;D:\yuyueq\developmenttool\apache-maven-3.8.0\Repository\com\fasterxml\jackson\module\jackson-module-parameter-names\2.11.3\jackson-module-parameter-names-2.11.3.jar;D:\yuyueq\developmenttool\apache-maven-3.8.0\Repository\org\springframework\boot\spring-boot-starter-tomcat\2.4.1\spring-boot-starter-tomcat-2.4.1.jar;D:\yuyueq\developmenttool\apache-maven-3.8.0\Repository\org\apache\tomcat\embed\tomcat-embed-core\9.0.41\tomcat-embed-core-9.0.41.jar;D:\yuyueq\developmenttool\apache-maven-3.8.0\Repository\org\glassfish\jakarta.el\3.0.3\jakarta.el-3.0.3.jar;D:\yuyueq\developmenttool\apache-maven-3.8.0\Repository\org\apache\tomcat\embed\tomcat-embed-websocket\9.0.41\tomcat-embed-websocket-9.0.41.jar;D:\yuyueq\developmenttool\apache-maven-3.8.0\Repository\org\springframework\spring-web\5.3.2\spring-web-5.3.2.jar;D:\yuyueq\developmenttool\apache-maven-3.8.0\Repository\org\springframework\spring-webmvc\5.3.2\spring-webmvc-5.3.2.jar;D:\yuyueq\developmenttool\apache-maven-3.8.0\Repository\org\springframework\spring-aop\5.3.2\spring-aop-5.3.2.jar;D:\yuyueq\developmenttool\apache-maven-3.8.0\Repository\org\springframework\spring-expression\5.3.2\spring-expression-5.3.2.jar;D:\yuyueq\developmenttool\apache-maven-3.8.0\Repository\org\springframework\boot\spring-boot-starter-webflux\2.4.1\spring-boot-starter-webflux-2.4.1.jar;D:\yuyueq\developmenttool\apache-maven-3.8.0\Repository\org\springframework\boot\spring-boot-starter-reactor-netty\2.4.1\spring-boot-starter-reactor-netty-2.4.1.jar;D:\yuyueq\developmenttool\apache-maven-3.8.0\Repository\io\projectreactor\netty\reactor-netty-http\1.0.2\reactor-netty-http-1.0.2.jar;D:\yuyueq\developmenttool\apache-maven-3.8.0\Repository\io\netty\netty-codec-http\4.1.55.Final\netty-codec-http-4.1.55.Final.jar;D:\yuyueq\developmenttool\apache-maven-3.8.0\Repository\io\netty\netty-common\4.1.55.Final\netty-common-4.1.55.Final.jar;D:\yuyueq\developmenttool\apache-maven-3.8.0\Repository\io\netty\netty-buffer\4.1.55.Final\netty-buffer-4.1.55.Final.jar;D:\yuyueq\developmenttool\apache-maven-3.8.0\Repository\io\netty\netty-transport\4.1.55.Final\netty-transport-4.1.55.Final.jar;D:\yuyueq\developmenttool\apache-maven-3.8.0\Repository\io\netty\netty-codec\4.1.55.Final\netty-codec-4.1.55.Final.jar;D:\yuyueq\developmenttool\apache-maven-3.8.0\Repository\io\netty\netty-handler\4.1.55.Final\netty-handler-4.1.55.Final.jar;D:\yuyueq\developmenttool\apache-maven-3.8.0\Repository\io\netty\netty-codec-http2\4.1.55.Final\netty-codec-http2-4.1.55.Final.jar;D:\yuyueq\developmenttool\apache-maven-3.8.0\Repository\io\netty\netty-resolver-dns\4.1.55.Final\netty-resolver-dns-4.1.55.Final.jar;D:\yuyueq\developmenttool\apache-maven-3.8.0\Repository\io\netty\netty-resolver\4.1.55.Final\netty-resolver-4.1.55.Final.jar;D:\yuyueq\developmenttool\apache-maven-3.8.0\Repository\io\netty\netty-codec-dns\4.1.55.Final\netty-codec-dns-4.1.55.Final.jar;D:\yuyueq\developmenttool\apache-maven-3.8.0\Repository\io\netty\netty-transport-native-epoll\4.1.55.Final\netty-transport-native-epoll-4.1.55.Final-linux-x86_64.jar;D:\yuyueq\developmenttool\apache-maven-3.8.0\Repository\io\netty\netty-transport-native-unix-common\4.1.55.Final\netty-transport-native-unix-common-4.1.55.Final.jar;D:\yuyueq\developmenttool\apache-maven-3.8.0\Repository\io\projectreactor\netty\reactor-netty-core\1.0.2\reactor-netty-core-1.0.2.jar;D:\yuyueq\developmenttool\apache-maven-3.8.0\Repository\io\netty\netty-handler-proxy\4.1.55.Final\netty-handler-proxy-4.1.55.Final.jar;D:\yuyueq\developmenttool\apache-maven-3.8.0\Repository\io\netty\netty-codec-socks\4.1.55.Final\netty-codec-socks-4.1.55.Final.jar;D:\yuyueq\developmenttool\apache-maven-3.8.0\Repository\org\springframework\spring-webflux\5.3.2\spring-webflux-5.3.2.jar;D:\yuyueq\developmenttool\apache-maven-3.8.0\Repository\org\projectlombok\lombok\1.18.16\lombok-1.18.16.jar;D:\yuyueq\developmenttool\apache-maven-3.8.0\Repository\org\springframework\boot\spring-boot-starter-test\2.4.1\spring-boot-starter-test-2.4.1.jar;D:\yuyueq\developmenttool\apache-maven-3.8.0\Repository\org\springframework\boot\spring-boot-test\2.4.1\spring-boot-test-2.4.1.jar;D:\yuyueq\developmenttool\apache-maven-3.8.0\Repository\org\springframework\boot\spring-boot-test-autoconfigure\2.4.1\spring-boot-test-autoconfigure-2.4.1.jar;D:\yuyueq\developmenttool\apache-maven-3.8.0\Repository\com\jayway\jsonpath\json-path\2.4.0\json-path-2.4.0.jar;D:\yuyueq\developmenttool\apache-maven-3.8.0\Repository\net\minidev\json-smart\2.3\json-smart-2.3.jar;D:\yuyueq\developmenttool\apache-maven-3.8.0\Repository\net\minidev\accessors-smart\1.2\accessors-smart-1.2.jar;D:\yuyueq\developmenttool\apache-maven-3.8.0\Repository\org\ow2\asm\asm\5.0.4\asm-5.0.4.jar;D:\yuyueq\developmenttool\apache-maven-3.8.0\Repository\jakarta\xml\bind\jakarta.xml.bind-api\2.3.3\jakarta.xml.bind-api-2.3.3.jar;D:\yuyueq\developmenttool\apache-maven-3.8.0\Repository\jakarta\activation\jakarta.activation-api\1.2.2\jakarta.activation-api-1.2.2.jar;D:\yuyueq\developmenttool\apache-maven-3.8.0\Repository\org\assertj\assertj-core\3.18.1\assertj-core-3.18.1.jar;D:\yuyueq\developmenttool\apache-maven-3.8.0\Repository\org\hamcrest\hamcrest\2.2\hamcrest-2.2.jar;D:\yuyueq\developmenttool\apache-maven-3.8.0\Repository\org\junit\jupiter\junit-jupiter\5.7.0\junit-jupiter-5.7.0.jar;D:\yuyueq\developmenttool\apache-maven-3.8.0\Repository\org\junit\jupiter\junit-jupiter-api\5.7.0\junit-jupiter-api-5.7.0.jar;D:\yuyueq\developmenttool\apache-maven-3.8.0\Repository\org\opentest4j\opentest4j\1.2.0\opentest4j-1.2.0.jar;D:\yuyueq\developmenttool\apache-maven-3.8.0\Repository\org\junit\platform\junit-platform-commons\1.7.0\junit-platform-commons-1.7.0.jar;D:\yuyueq\developmenttool\apache-maven-3.8.0\Repository\org\junit\jupiter\junit-jupiter-params\5.7.0\junit-jupiter-params-5.7.0.jar;D:\yuyueq\developmenttool\apache-maven-3.8.0\Repository\org\junit\jupiter\junit-jupiter-engine\5.7.0\junit-jupiter-engine-5.7.0.jar;D:\yuyueq\developmenttool\apache-maven-3.8.0\Repository\org\junit\platform\junit-platform-engine\1.7.0\junit-platform-engine-1.7.0.jar;D:\yuyueq\developmenttool\apache-maven-3.8.0\Repository\org\mockito\mockito-core\3.6.28\mockito-core-3.6.28.jar;D:\yuyueq\developmenttool\apache-maven-3.8.0\Repository\net\bytebuddy\byte-buddy\1.10.18\byte-buddy-1.10.18.jar;D:\yuyueq\developmenttool\apache-maven-3.8.0\Repository\net\bytebuddy\byte-buddy-agent\1.10.18\byte-buddy-agent-1.10.18.jar;D:\yuyueq\developmenttool\apache-maven-3.8.0\Repository\org\objenesis\objenesis\3.1\objenesis-3.1.jar;D:\yuyueq\developmenttool\apache-maven-3.8.0\Repository\org\mockito\mockito-junit-jupiter\3.6.28\mockito-junit-jupiter-3.6.28.jar;D:\yuyueq\developmenttool\apache-maven-3.8.0\Repository\org\skyscreamer\jsonassert\1.5.0\jsonassert-1.5.0.jar;D:\yuyueq\developmenttool\apache-maven-3.8.0\Repository\com\vaadin\external\google\android-json\0.0.20131108.vaadin1\android-json-0.0.20131108.vaadin1.jar;D:\yuyueq\developmenttool\apache-maven-3.8.0\Repository\org\springframework\spring-core\5.3.2\spring-core-5.3.2.jar;D:\yuyueq\developmenttool\apache-maven-3.8.0\Repository\org\springframework\spring-jcl\5.3.2\spring-jcl-5.3.2.jar;D:\yuyueq\developmenttool\apache-maven-3.8.0\Repository\org\springframework\spring-test\5.3.2\spring-test-5.3.2.jar;D:\yuyueq\developmenttool\apache-maven-3.8.0\Repository\org\xmlunit\xmlunit-core\2.7.0\xmlunit-core-2.7.0.jar;D:\yuyueq\developmenttool\apache-maven-3.8.0\Repository\io\projectreactor\reactor-test\3.4.1\reactor-test-3.4.1.jar;D:\yuyueq\developmenttool\apache-maven-3.8.0\Repository\io\projectreactor\reactor-core\3.4.1\reactor-core-3.4.1.jar;D:\yuyueq\developmenttool\apache-maven-3.8.0\Repository\org\reactivestreams\reactive-streams\1.0.3\reactive-streams-1.0.3.jar;D:\yuyueq\developmenttool\apache-maven-3.8.0\Repository\org\neo4j\neo4j-ogm-core\2.1.5\neo4j-ogm-core-2.1.5.jar;D:\yuyueq\developmenttool\apache-maven-3.8.0\Repository\org\neo4j\neo4j-ogm-compiler\2.1.5\neo4j-ogm-compiler-2.1.5.jar;D:\yuyueq\developmenttool\apache-maven-3.8.0\Repository\org\apache\commons\commons-lang3\3.11\commons-lang3-3.11.jar;D:\yuyueq\developmenttool\apache-maven-3.8.0\Repository\org\apache\commons\commons-collections4\4.1\commons-collections4-4.1.jar;D:\yuyueq\developmenttool\apache-maven-3.8.0\Repository\org\springframework\data\spring-data-neo4j\6.0.2\spring-data-neo4j-6.0.2.jar;D:\yuyueq\developmenttool\apache-maven-3.8.0\Repository\org\apiguardian\apiguardian-api\1.1.0\apiguardian-api-1.1.0.jar;D:\yuyueq\developmenttool\apache-maven-3.8.0\Repository\org\neo4j\neo4j-cypher-dsl\2020.1.3\neo4j-cypher-dsl-2020.1.3.jar;D:\yuyueq\developmenttool\apache-maven-3.8.0\Repository\org\neo4j\driver\neo4j-java-driver\4.1.1\neo4j-java-driver-4.1.1.jar;D:\yuyueq\developmenttool\apache-maven-3.8.0\Repository\org\springframework\spring-beans\5.3.2\spring-beans-5.3.2.jar;D:\yuyueq\developmenttool\apache-maven-3.8.0\Repository\org\springframework\spring-context\5.3.2\spring-context-5.3.2.jar;D:\yuyueq\developmenttool\apache-maven-3.8.0\Repository\org\springframework\spring-tx\5.3.2\spring-tx-5.3.2.jar;D:\yuyueq\developmenttool\apache-maven-3.8.0\Repository\org\springframework\data\spring-data-commons\2.4.2\spring-data-commons-2.4.2.jar;D:\yuyueq\developmenttool\apache-maven-3.8.0\Repository\org\slf4j\slf4j-api\1.7.30\slf4j-api-1.7.30.jar;D:\yuyueq\developmenttool\apache-maven-3.8.0\Repository\org\neo4j\neo4j-ogm-api\2.1.5\neo4j-ogm-api-2.1.5.jar;D:\yuyueq\developmenttool\apache-maven-3.8.0\Repository\com\fasterxml\jackson\core\jackson-databind\2.11.3\jackson-databind-2.11.3.jar;D:\yuyueq\developmenttool\apache-maven-3.8.0\Repository\com\fasterxml\jackson\core\jackson-annotations\2.11.3\jackson-annotations-2.11.3.jar;D:\yuyueq\developmenttool\apache-maven-3.8.0\Repository\com\fasterxml\jackson\core\jackson-core\2.11.3\jackson-core-2.11.3.jar;D:\yuyueq\developmenttool\apache-maven-3.8.0\Repository\commons-codec\commons-codec\1.15\commons-codec-1.15.jar;"/>
    <property name="java.vm.vendor" value="Oracle Corporation"/>
    <property name="sun.arch.data.model" value="64"/>
    <property name="user.variant" value=""/>
    <property name="java.vendor.url" value="http://java.oracle.com/"/>
    <property name="user.timezone" value="Asia/Shanghai"/>
    <property name="java.vm.specification.version" value="1.8"/>
    <property name="os.name" value="Windows 10"/>
    <property name="user.country" value="CN"/>
    <property name="sun.java.launcher" value="SUN_STANDARD"/>
    <property name="sun.boot.library.path" value="D:\Java8\JDK8\jre\bin"/>
    <property name="sun.java.command" value="C:\Users\duwenxin\AppData\Local\Temp\surefire5832652216196709280\surefirebooter6807309736325231614.jar C:\Users\duwenxin\AppData\Local\Temp\surefire5832652216196709280 2022-03-16T18-30-37_916-jvmRun1 surefire1142822089847977105tmp surefire_05102733850617806172tmp"/>
    <property name="surefire.test.class.path" value="D:\IDEA2021\IdeaProject\Neo4jSocialSystem-\target\test-classes;D:\IDEA2021\IdeaProject\Neo4jSocialSystem-\target\classes;D:\yuyueq\developmenttool\apache-maven-3.8.0\Repository\org\springframework\boot\spring-boot-starter-data-neo4j\2.4.1\spring-boot-starter-data-neo4j-2.4.1.jar;D:\yuyueq\developmenttool\apache-maven-3.8.0\Repository\org\springframework\boot\spring-boot-starter\2.4.1\spring-boot-starter-2.4.1.jar;D:\yuyueq\developmenttool\apache-maven-3.8.0\Repository\org\springframework\boot\spring-boot\2.4.1\spring-boot-2.4.1.jar;D:\yuyueq\developmenttool\apache-maven-3.8.0\Repository\org\springframework\boot\spring-boot-autoconfigure\2.4.1\spring-boot-autoconfigure-2.4.1.jar;D:\yuyueq\developmenttool\apache-maven-3.8.0\Repository\org\springframework\boot\spring-boot-starter-logging\2.4.1\spring-boot-starter-logging-2.4.1.jar;D:\yuyueq\developmenttool\apache-maven-3.8.0\Repository\ch\qos\logback\logback-classic\1.2.3\logback-classic-1.2.3.jar;D:\yuyueq\developmenttool\apache-maven-3.8.0\Repository\ch\qos\logback\logback-core\1.2.3\logback-core-1.2.3.jar;D:\yuyueq\developmenttool\apache-maven-3.8.0\Repository\org\apache\logging\log4j\log4j-to-slf4j\2.13.3\log4j-to-slf4j-2.13.3.jar;D:\yuyueq\developmenttool\apache-maven-3.8.0\Repository\org\apache\logging\log4j\log4j-api\2.13.3\log4j-api-2.13.3.jar;D:\yuyueq\developmenttool\apache-maven-3.8.0\Repository\org\slf4j\jul-to-slf4j\1.7.30\jul-to-slf4j-1.7.30.jar;D:\yuyueq\developmenttool\apache-maven-3.8.0\Repository\jakarta\annotation\jakarta.annotation-api\1.3.5\jakarta.annotation-api-1.3.5.jar;D:\yuyueq\developmenttool\apache-maven-3.8.0\Repository\org\yaml\snakeyaml\1.27\snakeyaml-1.27.jar;D:\yuyueq\developmenttool\apache-maven-3.8.0\Repository\org\springframework\boot\spring-boot-starter-thymeleaf\2.4.1\spring-boot-starter-thymeleaf-2.4.1.jar;D:\yuyueq\developmenttool\apache-maven-3.8.0\Repository\org\thymeleaf\thymeleaf-spring5\3.0.11.RELEASE\thymeleaf-spring5-3.0.11.RELEASE.jar;D:\yuyueq\developmenttool\apache-maven-3.8.0\Repository\org\thymeleaf\thymeleaf\3.0.11.RELEASE\thymeleaf-3.0.11.RELEASE.jar;D:\yuyueq\developmenttool\apache-maven-3.8.0\Repository\org\attoparser\attoparser\2.0.5.RELEASE\attoparser-2.0.5.RELEASE.jar;D:\yuyueq\developmenttool\apache-maven-3.8.0\Repository\org\unbescape\unbescape\1.1.6.RELEASE\unbescape-1.1.6.RELEASE.jar;D:\yuyueq\developmenttool\apache-maven-3.8.0\Repository\org\thymeleaf\extras\thymeleaf-extras-java8time\3.0.4.RELEASE\thymeleaf-extras-java8time-3.0.4.RELEASE.jar;D:\yuyueq\developmenttool\apache-maven-3.8.0\Repository\org\springframework\boot\spring-boot-starter-web\2.4.1\spring-boot-starter-web-2.4.1.jar;D:\yuyueq\developmenttool\apache-maven-3.8.0\Repository\org\springframework\boot\spring-boot-starter-json\2.4.1\spring-boot-starter-json-2.4.1.jar;D:\yuyueq\developmenttool\apache-maven-3.8.0\Repository\com\fasterxml\jackson\datatype\jackson-datatype-jdk8\2.11.3\jackson-datatype-jdk8-2.11.3.jar;D:\yuyueq\developmenttool\apache-maven-3.8.0\Repository\com\fasterxml\jackson\datatype\jackson-datatype-jsr310\2.11.3\jackson-datatype-jsr310-2.11.3.jar;D:\yuyueq\developmenttool\apache-maven-3.8.0\Repository\com\fasterxml\jackson\module\jackson-module-parameter-names\2.11.3\jackson-module-parameter-names-2.11.3.jar;D:\yuyueq\developmenttool\apache-maven-3.8.0\Repository\org\springframework\boot\spring-boot-starter-tomcat\2.4.1\spring-boot-starter-tomcat-2.4.1.jar;D:\yuyueq\developmenttool\apache-maven-3.8.0\Repository\org\apache\tomcat\embed\tomcat-embed-core\9.0.41\tomcat-embed-core-9.0.41.jar;D:\yuyueq\developmenttool\apache-maven-3.8.0\Repository\org\glassfish\jakarta.el\3.0.3\jakarta.el-3.0.3.jar;D:\yuyueq\developmenttool\apache-maven-3.8.0\Repository\org\apache\tomcat\embed\tomcat-embed-websocket\9.0.41\tomcat-embed-websocket-9.0.41.jar;D:\yuyueq\developmenttool\apache-maven-3.8.0\Repository\org\springframework\spring-web\5.3.2\spring-web-5.3.2.jar;D:\yuyueq\developmenttool\apache-maven-3.8.0\Repository\org\springframework\spring-webmvc\5.3.2\spring-webmvc-5.3.2.jar;D:\yuyueq\developmenttool\apache-maven-3.8.0\Repository\org\springframework\spring-aop\5.3.2\spring-aop-5.3.2.jar;D:\yuyueq\developmenttool\apache-maven-3.8.0\Repository\org\springframework\spring-expression\5.3.2\spring-expression-5.3.2.jar;D:\yuyueq\developmenttool\apache-maven-3.8.0\Repository\org\springframework\boot\spring-boot-starter-webflux\2.4.1\spring-boot-starter-webflux-2.4.1.jar;D:\yuyueq\developmenttool\apache-maven-3.8.0\Repository\org\springframework\boot\spring-boot-starter-reactor-netty\2.4.1\spring-boot-starter-reactor-netty-2.4.1.jar;D:\yuyueq\developmenttool\apache-maven-3.8.0\Repository\io\projectreactor\netty\reactor-netty-http\1.0.2\reactor-netty-http-1.0.2.jar;D:\yuyueq\developmenttool\apache-maven-3.8.0\Repository\io\netty\netty-codec-http\4.1.55.Final\netty-codec-http-4.1.55.Final.jar;D:\yuyueq\developmenttool\apache-maven-3.8.0\Repository\io\netty\netty-common\4.1.55.Final\netty-common-4.1.55.Final.jar;D:\yuyueq\developmenttool\apache-maven-3.8.0\Repository\io\netty\netty-buffer\4.1.55.Final\netty-buffer-4.1.55.Final.jar;D:\yuyueq\developmenttool\apache-maven-3.8.0\Repository\io\netty\netty-transport\4.1.55.Final\netty-transport-4.1.55.Final.jar;D:\yuyueq\developmenttool\apache-maven-3.8.0\Repository\io\netty\netty-codec\4.1.55.Final\netty-codec-4.1.55.Final.jar;D:\yuyueq\developmenttool\apache-maven-3.8.0\Repository\io\netty\netty-handler\4.1.55.Final\netty-handler-4.1.55.Final.jar;D:\yuyueq\developmenttool\apache-maven-3.8.0\Repository\io\netty\netty-codec-http2\4.1.55.Final\netty-codec-http2-4.1.55.Final.jar;D:\yuyueq\developmenttool\apache-maven-3.8.0\Repository\io\netty\netty-resolver-dns\4.1.55.Final\netty-resolver-dns-4.1.55.Final.jar;D:\yuyueq\developmenttool\apache-maven-3.8.0\Repository\io\netty\netty-resolver\4.1.55.Final\netty-resolver-4.1.55.Final.jar;D:\yuyueq\developmenttool\apache-maven-3.8.0\Repository\io\netty\netty-codec-dns\4.1.55.Final\netty-codec-dns-4.1.55.Final.jar;D:\yuyueq\developmenttool\apache-maven-3.8.0\Repository\io\netty\netty-transport-native-epoll\4.1.55.Final\netty-transport-native-epoll-4.1.55.Final-linux-x86_64.jar;D:\yuyueq\developmenttool\apache-maven-3.8.0\Repository\io\netty\netty-transport-native-unix-common\4.1.55.Final\netty-transport-native-unix-common-4.1.55.Final.jar;D:\yuyueq\developmenttool\apache-maven-3.8.0\Repository\io\projectreactor\netty\reactor-netty-core\1.0.2\reactor-netty-core-1.0.2.jar;D:\yuyueq\developmenttool\apache-maven-3.8.0\Repository\io\netty\netty-handler-proxy\4.1.55.Final\netty-handler-proxy-4.1.55.Final.jar;D:\yuyueq\developmenttool\apache-maven-3.8.0\Repository\io\netty\netty-codec-socks\4.1.55.Final\netty-codec-socks-4.1.55.Final.jar;D:\yuyueq\developmenttool\apache-maven-3.8.0\Repository\org\springframework\spring-webflux\5.3.2\spring-webflux-5.3.2.jar;D:\yuyueq\developmenttool\apache-maven-3.8.0\Repository\org\projectlombok\lombok\1.18.16\lombok-1.18.16.jar;D:\yuyueq\developmenttool\apache-maven-3.8.0\Repository\org\springframework\boot\spring-boot-starter-test\2.4.1\spring-boot-starter-test-2.4.1.jar;D:\yuyueq\developmenttool\apache-maven-3.8.0\Repository\org\springframework\boot\spring-boot-test\2.4.1\spring-boot-test-2.4.1.jar;D:\yuyueq\developmenttool\apache-maven-3.8.0\Repository\org\springframework\boot\spring-boot-test-autoconfigure\2.4.1\spring-boot-test-autoconfigure-2.4.1.jar;D:\yuyueq\developmenttool\apache-maven-3.8.0\Repository\com\jayway\jsonpath\json-path\2.4.0\json-path-2.4.0.jar;D:\yuyueq\developmenttool\apache-maven-3.8.0\Repository\net\minidev\json-smart\2.3\json-smart-2.3.jar;D:\yuyueq\developmenttool\apache-maven-3.8.0\Repository\net\minidev\accessors-smart\1.2\accessors-smart-1.2.jar;D:\yuyueq\developmenttool\apache-maven-3.8.0\Repository\org\ow2\asm\asm\5.0.4\asm-5.0.4.jar;D:\yuyueq\developmenttool\apache-maven-3.8.0\Repository\jakarta\xml\bind\jakarta.xml.bind-api\2.3.3\jakarta.xml.bind-api-2.3.3.jar;D:\yuyueq\developmenttool\apache-maven-3.8.0\Repository\jakarta\activation\jakarta.activation-api\1.2.2\jakarta.activation-api-1.2.2.jar;D:\yuyueq\developmenttool\apache-maven-3.8.0\Repository\org\assertj\assertj-core\3.18.1\assertj-core-3.18.1.jar;D:\yuyueq\developmenttool\apache-maven-3.8.0\Repository\org\hamcrest\hamcrest\2.2\hamcrest-2.2.jar;D:\yuyueq\developmenttool\apache-maven-3.8.0\Repository\org\junit\jupiter\junit-jupiter\5.7.0\junit-jupiter-5.7.0.jar;D:\yuyueq\developmenttool\apache-maven-3.8.0\Repository\org\junit\jupiter\junit-jupiter-api\5.7.0\junit-jupiter-api-5.7.0.jar;D:\yuyueq\developmenttool\apache-maven-3.8.0\Repository\org\opentest4j\opentest4j\1.2.0\opentest4j-1.2.0.jar;D:\yuyueq\developmenttool\apache-maven-3.8.0\Repository\org\junit\platform\junit-platform-commons\1.7.0\junit-platform-commons-1.7.0.jar;D:\yuyueq\developmenttool\apache-maven-3.8.0\Repository\org\junit\jupiter\junit-jupiter-params\5.7.0\junit-jupiter-params-5.7.0.jar;D:\yuyueq\developmenttool\apache-maven-3.8.0\Repository\org\junit\jupiter\junit-jupiter-engine\5.7.0\junit-jupiter-engine-5.7.0.jar;D:\yuyueq\developmenttool\apache-maven-3.8.0\Repository\org\junit\platform\junit-platform-engine\1.7.0\junit-platform-engine-1.7.0.jar;D:\yuyueq\developmenttool\apache-maven-3.8.0\Repository\org\mockito\mockito-core\3.6.28\mockito-core-3.6.28.jar;D:\yuyueq\developmenttool\apache-maven-3.8.0\Repository\net\bytebuddy\byte-buddy\1.10.18\byte-buddy-1.10.18.jar;D:\yuyueq\developmenttool\apache-maven-3.8.0\Repository\net\bytebuddy\byte-buddy-agent\1.10.18\byte-buddy-agent-1.10.18.jar;D:\yuyueq\developmenttool\apache-maven-3.8.0\Repository\org\objenesis\objenesis\3.1\objenesis-3.1.jar;D:\yuyueq\developmenttool\apache-maven-3.8.0\Repository\org\mockito\mockito-junit-jupiter\3.6.28\mockito-junit-jupiter-3.6.28.jar;D:\yuyueq\developmenttool\apache-maven-3.8.0\Repository\org\skyscreamer\jsonassert\1.5.0\jsonassert-1.5.0.jar;D:\yuyueq\developmenttool\apache-maven-3.8.0\Repository\com\vaadin\external\google\android-json\0.0.20131108.vaadin1\android-json-0.0.20131108.vaadin1.jar;D:\yuyueq\developmenttool\apache-maven-3.8.0\Repository\org\springframework\spring-core\5.3.2\spring-core-5.3.2.jar;D:\yuyueq\developmenttool\apache-maven-3.8.0\Repository\org\springframework\spring-jcl\5.3.2\spring-jcl-5.3.2.jar;D:\yuyueq\developmenttool\apache-maven-3.8.0\Repository\org\springframework\spring-test\5.3.2\spring-test-5.3.2.jar;D:\yuyueq\developmenttool\apache-maven-3.8.0\Repository\org\xmlunit\xmlunit-core\2.7.0\xmlunit-core-2.7.0.jar;D:\yuyueq\developmenttool\apache-maven-3.8.0\Repository\io\projectreactor\reactor-test\3.4.1\reactor-test-3.4.1.jar;D:\yuyueq\developmenttool\apache-maven-3.8.0\Repository\io\projectreactor\reactor-core\3.4.1\reactor-core-3.4.1.jar;D:\yuyueq\developmenttool\apache-maven-3.8.0\Repository\org\reactivestreams\reactive-streams\1.0.3\reactive-streams-1.0.3.jar;D:\yuyueq\developmenttool\apache-maven-3.8.0\Repository\org\neo4j\neo4j-ogm-core\2.1.5\neo4j-ogm-core-2.1.5.jar;D:\yuyueq\developmenttool\apache-maven-3.8.0\Repository\org\neo4j\neo4j-ogm-compiler\2.1.5\neo4j-ogm-compiler-2.1.5.jar;D:\yuyueq\developmenttool\apache-maven-3.8.0\Repository\org\apache\commons\commons-lang3\3.11\commons-lang3-3.11.jar;D:\yuyueq\developmenttool\apache-maven-3.8.0\Repository\org\apache\commons\commons-collections4\4.1\commons-collections4-4.1.jar;D:\yuyueq\developmenttool\apache-maven-3.8.0\Repository\org\springframework\data\spring-data-neo4j\6.0.2\spring-data-neo4j-6.0.2.jar;D:\yuyueq\developmenttool\apache-maven-3.8.0\Repository\org\apiguardian\apiguardian-api\1.1.0\apiguardian-api-1.1.0.jar;D:\yuyueq\developmenttool\apache-maven-3.8.0\Repository\org\neo4j\neo4j-cypher-dsl\2020.1.3\neo4j-cypher-dsl-2020.1.3.jar;D:\yuyueq\developmenttool\apache-maven-3.8.0\Repository\org\neo4j\driver\neo4j-java-driver\4.1.1\neo4j-java-driver-4.1.1.jar;D:\yuyueq\developmenttool\apache-maven-3.8.0\Repository\org\springframework\spring-beans\5.3.2\spring-beans-5.3.2.jar;D:\yuyueq\developmenttool\apache-maven-3.8.0\Repository\org\springframework\spring-context\5.3.2\spring-context-5.3.2.jar;D:\yuyueq\developmenttool\apache-maven-3.8.0\Repository\org\springframework\spring-tx\5.3.2\spring-tx-5.3.2.jar;D:\yuyueq\developmenttool\apache-maven-3.8.0\Repository\org\springframework\data\spring-data-commons\2.4.2\spring-data-commons-2.4.2.jar;D:\yuyueq\developmenttool\apache-maven-3.8.0\Repository\org\slf4j\slf4j-api\1.7.30\slf4j-api-1.7.30.jar;D:\yuyueq\developmenttool\apache-maven-3.8.0\Repository\org\neo4j\neo4j-ogm-api\2.1.5\neo4j-ogm-api-2.1.5.jar;D:\yuyueq\developmenttool\apache-maven-3.8.0\Repository\com\fasterxml\jackson\core\jackson-databind\2.11.3\jackson-databind-2.11.3.jar;D:\yuyueq\developmenttool\apache-maven-3.8.0\Repository\com\fasterxml\jackson\core\jackson-annotations\2.11.3\jackson-annotations-2.11.3.jar;D:\yuyueq\developmenttool\apache-maven-3.8.0\Repository\com\fasterxml\jackson\core\jackson-core\2.11.3\jackson-core-2.11.3.jar;D:\yuyueq\developmenttool\apache-maven-3.8.0\Repository\commons-codec\commons-codec\1.15\commons-codec-1.15.jar;"/>
    <property name="sun.cpu.endian" value="little"/>
    <property name="user.home" value="C:\Users\duwenxin"/>
    <property name="user.language" value="zh"/>
    <property name="java.specification.vendor" value="Oracle Corporation"/>
    <property name="java.home" value="D:\Java8\JDK8\jre"/>
    <property name="basedir" value="D:\IDEA2021\IdeaProject\Neo4jSocialSystem-"/>
    <property name="file.separator" value="\"/>
    <property name="line.separator" value="&#10;"/>
    <property name="java.vm.specification.vendor" value="Oracle Corporation"/>
    <property name="java.specification.name" value="Java Platform API Specification"/>
    <property name="java.awt.graphicsenv" value="sun.awt.Win32GraphicsEnvironment"/>
    <property name="surefire.real.class.path" value="C:\Users\duwenxin\AppData\Local\Temp\surefire5832652216196709280\surefirebooter6807309736325231614.jar"/>
    <property name="sun.boot.class.path" value="D:\Java8\JDK8\jre\lib\resources.jar;D:\Java8\JDK8\jre\lib\rt.jar;D:\Java8\JDK8\jre\lib\sunrsasign.jar;D:\Java8\JDK8\jre\lib\jsse.jar;D:\Java8\JDK8\jre\lib\jce.jar;D:\Java8\JDK8\jre\lib\charsets.jar;D:\Java8\JDK8\jre\lib\jfr.jar;D:\Java8\JDK8\jre\classes"/>
    <property name="user.script" value=""/>
    <property name="sun.management.compiler" value="HotSpot 64-Bit Tiered Compilers"/>
    <property name="java.runtime.version" value="1.8.0_231-b11"/>
    <property name="user.name" value="duwenxin"/>
    <property name="path.separator" value=";"/>
    <property name="os.version" value="10.0"/>
    <property name="java.endorsed.dirs" value="D:\Java8\JDK8\jre\lib\endorsed"/>
    <property name="java.runtime.name" value="Java(TM) SE Runtime Environment"/>
    <property name="file.encoding" value="GBK"/>
    <property name="java.vm.name" value="Java HotSpot(TM) 64-Bit Server VM"/>
    <property name="localRepository" value="D:\yuyueq\developmenttool\apache-maven-3.8.0\Repository"/>
    <property name="java.vendor.url.bug" value="http://bugreport.sun.com/bugreport/"/>
    <property name="java.io.tmpdir" value="C:\Users\duwenxin\AppData\Local\Temp\"/>
    <property name="idea.version" value="2021.2.1"/>
    <property name="java.version" value="1.8.0_231"/>
    <property name="user.dir" value="D:\IDEA2021\IdeaProject\Neo4jSocialSystem-"/>
    <property name="os.arch" value="amd64"/>
    <property name="java.vm.specification.name" value="Java Virtual Machine Specification"/>
    <property name="java.awt.printerjob" value="sun.awt.windows.WPrinterJob"/>
    <property name="sun.os.patch.level" value=""/>
    <property name="java.library.path" value="D:\Java8\JDK8\jre\bin;C:\WINDOWS\Sun\Java\bin;C:\WINDOWS\system32;C:\WINDOWS;D:\yuyueq\software\VMware16\bin\;C:\Program Files (x86)\Common Files\Oracle\Java\javapath;C:\WINDOWS\system32;C:\WINDOWS;C:\WINDOWS\System32\Wbem;C:\WINDOWS\System32\WindowsPowerShell\v1.0\;C:\WINDOWS\System32\OpenSSH\;D:\Java8\JDK8\bin;D:\Java8\JDK8\jre\bin;D:\yuyueq\developmenttool\apache-maven-3.8.0\bin;D:\yuyueq\developmenttool\Git\Git\cmd;D:\yuyueq\developmenttool\NodeJs\;D:\yuyueq\software\Microsoft VS Code\bin;D:\yuyueq\software\yarn\bin\;D:\yuyueq\developmenttool\mysql57\bin;D:\yuyueq\software\xshell7\;D:\yuyueq\developmenttool\neo4j-community-3.5.12\bin;C:\Users\duwenxin\AppData\Local\Programs\Python\Python38\Scripts\;C:\Users\duwenxin\AppData\Local\Programs\Python\Python38\;C:\Users\duwenxin\AppData\Local\Microsoft\WindowsApps;D:\IDEA2019\IntelliJ IDEA 2019.3.2\bin;;C:\Users\duwenxin\AppData\Roaming\npm;C:\Users\duwenxin\AppData\Local\Yarn\bin;D:\yuyueq\software\Hyper312\resources\bin;;D:\DataGrip 2021.3.4\DataGrip 2020.1\bin;;."/>
    <property name="java.vm.info" value="mixed mode"/>
    <property name="java.vendor" value="Oracle Corporation"/>
    <property name="java.vm.version" value="25.231-b11"/>
    <property name="java.ext.dirs" value="D:\Java8\JDK8\jre\lib\ext;C:\WINDOWS\Sun\Java\lib\ext"/>
    <property name="sun.io.unicode.encoding" value="UnicodeLittle"/>
    <property name="maven.repo.local" value="D:\yuyueq\developmenttool\apache-maven-3.8.0\Repository"/>
    <property name="java.class.version" value="52.0"/>
  </properties>
  <testcase name="contextLoads" classname="cn.yuyueq.social.SocialRecommendApplicationTests" time="0.394"/>
</testsuite>